<?xml version="1.0" encoding="UTF-8"?>
<testsuite xmlns:xsi="http://www.w3.org/2001/XMLSchema-instance" xsi:noNamespaceSchemaLocation="https://maven.apache.org/surefire/maven-surefire-plugin/xsd/surefire-test-report.xsd" name="TestSuite" time="14.155" tests="5" errors="0" skipped="0" failures="4">
  <properties>
[...]
</properties>
  <testcase name="GetAllUsers" classname="users.allUsersTest" time="0.693"/>
  <testcase name="GetAllUsersSchemaTest" classname="users.allUsersTest" time="0.44">
    <failure message="Schema to use cannot be null" type="java.lang.IllegalArgumentException">java.lang.IllegalArgumentException: Schema to use cannot be null
	at users.allUsersTest.GetAllUsersSchemaTest(allUsersTest.java:42)
</failure>
    <system-out><![CDATA[Request method:	GET
Request URI:	http://localhost:8080/users/get/all
Proxy:			<none>
Request params:	<none>
Query params:	<none>
Form params:	<none>
Path params:	<none>
Headers:		Accept=application/json, application/javascript, text/javascript, text/json
				Content-Type=application/json; charset=UTF-8
Cookies:		<none>
Multiparts:		<none>
Body:			<none>
HTTP/1.1 200 
Vary: Origin
Vary: Access-Control-Request-Method
Vary: Access-Control-Request-Headers
Content-Type: application/json
Transfer-Encoding: chunked
Date: Sat, 23 Apr 2022 20:19:03 GMT
Keep-Alive: timeout=60
Connection: keep-alive

[
    {
        "id": 0,
        "name": "Валентин Медведев0",
        "grade": "Студент потока 0"
    },
    {
        "id": 1,
        "name": "Валентин Медведев1",
        "grade": "Студент потока 1"
    },
    {
        "id": 2,
        "name": "Валентин Медведев2",
        "grade": "Студент потока 2"
    },
    {
        "id": 3,
        "name": "Валентин Медведев3",
        "grade": "Студент потока 3"
    },
    {
        "id": 4,
        "name": "Валентин Медведев4",
        "grade": "Студент потока 4"
    },
    {
        "id": 5,
        "name": "Валентин Медведев5",
        "grade": "Студент потока 5"
    },
    {
        "id": 6,
        "name": "Валентин Медведев6",
        "grade": "Студент потока 6"
    },
    {
        "id": 7,
        "name": "Валентин Медведев7",
        "grade": "Студент потока 7"
    },
    {
        "id": 8,
        "name": "Валентин Медведев8",
        "grade": "Студент потока 8"
    },
    {
        "id": 9,
        "name": "Валентин Медведев9",
        "grade": "Студент потока 9"
    },
    {
        "id": 10,
        "name": "Валентин Медведев10",
        "grade": "Студент потока 10"
    },
    {
        "id": 11,
        "name": "Валентин Медведев11",
        "grade": "Студент потока 11"
    },
    {
        "id": 12,
        "name": "Валентин Медведев12",
        "grade": "Студент потока 12"
    },
    {
        "id": 13,
        "name": "Валентин Медведев13",
        "grade": "Студент потока 13"
    },
    {
        "id": 14,
        "name": "Валентин Медведев14",
        "grade": "Студент потока 14"
    },
    {
        "id": 15,
        "name": "Валентин Медведев15",
        "grade": "Студент потока 15"
    },
    {
        "id": 16,
        "name": "Валентин Медведев16",
        "grade": "Студент потока 16"
    },
    {
        "id": 17,
        "name": "Валентин Медведев17",
        "grade": "Студент потока 17"
    },
    {
        "id": 18,
        "name": "Валентин Медведев18",
        "grade": "Студент потока 18"
    },
    {
        "id": 19,
        "name": "Валентин Медведев19",
        "grade": "Студент потока 19"
    },
    {
        "id": 20,
        "name": "Валентин Медведев20",
        "grade": "Студент потока 20"
    },
    {
        "id": 21,
        "name": "Валентин Медведев21",
        "grade": "Студент потока 21"
    },
    {
        "id": 22,
        "name": "Валентин Медведев22",
        "grade": "Студент потока 22"
    },
    {
        "id": 23,
        "name": "Валентин Медведев23",
        "grade": "Студент потока 23"
    },
    {
        "id": 24,
        "name": "Валентин Медведев24",
        "grade": "Студент потока 24"
    },
    {
        "id": 25,
        "name": "Валентин Медведев25",
        "grade": "Студент потока 25"
    },
    {
        "id": 26,
        "name": "Валентин Медведев26",
        "grade": "Студент потока 26"
    },
    {
        "id": 27,
        "name": "Валентин Медведев27",
        "grade": "Студент потока 27"
    },
    {
        "id": 28,
        "name": "Валентин Медведев28",
        "grade": "Студент потока 28"
    },
    {
        "id": 29,
        "name": "Валентин Медведев29",
        "grade": "Студент потока 29"
    },
    {
        "id": 30,
        "name": "Валентин Медведев30",
        "grade": "Студент потока 30"
    },
    {
        "id": 31,
        "name": "Валентин Медведев31",
        "grade": "Студент потока 31"
    },
    {
        "id": 32,
        "name": "Валентин Медведев32",
        "grade": "Студент потока 32"
    },
    {
        "id": 33,
        "name": "Валентин Медведев33",
        "grade": "Студент потока 33"
    },
    {
        "id": 34,
        "name": "Валентин Медведев34",
        "grade": "Студент потока 34"
    },
    {
        "id": 35,
        "name": "Валентин Медведев35",
        "grade": "Студент потока 35"
    },
    {
        "id": 36,
        "name": "Валентин Медведев36",
        "grade": "Студент потока 36"
    },
    {
        "id": 37,
        "name": "Валентин Медведев37",
        "grade": "Студент потока 37"
    },
    {
        "id": 38,
        "name": "Валентин Медведев38",
        "grade": "Студент потока 38"
    },
    {
        "id": 39,
        "name": "Валентин Медведев39",
        "grade": "Студент потока 39"
    },
    {
        "id": 40,
        "name": "Валентин Медведев40",
        "grade": "Студент потока 40"
    },
    {
        "id": 41,
        "name": "Валентин Медведев41",
        "grade": "Студент потока 41"
    },
    {
        "id": 42,
        "name": "Валентин Медведев42",
        "grade": "Студент потока 42"
    },
    {
        "id": 43,
        "name": "Валентин Медведев43",
        "grade": "Студент потока 43"
    },
    {
        "id": 44,
        "name": "Валентин Медведев44",
        "grade": "Студент потока 44"
    },
    {
        "id": 45,
        "name": "Валентин Медведев45",
        "grade": "Студент потока 45"
    },
    {
        "id": 46,
        "name": "Валентин Медведев46",
        "grade": "Студент потока 46"
    },
    {
        "id": 47,
        "name": "Валентин Медведев47",
        "grade": "Студент потока 47"
    },
    {
        "id": 48,
        "name": "Валентин Медведев48",
        "grade": "Студент потока 48"
    },
    {
        "id": 49,
        "name": "Валентин Медведев49",
        "grade": "Студент потока 49"
    },
    {
        "id": 50,
        "name": "Валентин Медведев50",
        "grade": "Студент потока 50"
    },
    {
        "id": 51,
        "name": "Валентин Медведев51",
        "grade": "Студент потока 51"
    },
    {
        "id": 52,
        "name": "Валентин Медведев52",
        "grade": "Студент потока 52"
    },
    {
        "id": 53,
        "name": "Валентин Медведев53",
        "grade": "Студент потока 53"
    },
    {
        "id": 54,
        "name": "Валентин Медведев54",
        "grade": "Студент потока 54"
    },
    {
        "id": 55,
        "name": "Валентин Медведев55",
        "grade": "Студент потока 55"
    },
    {
        "id": 56,
        "name": "Валентин Медведев56",
        "grade": "Студент потока 56"
    },
    {
        "id": 57,
        "name": "Валентин Медведев57",
        "grade": "Студент потока 57"
    },
    {
        "id": 58,
        "name": "Валентин Медведев58",
        "grade": "Студент потока 58"
    },
    {
        "id": 59,
        "name": "Валентин Медведев59",
        "grade": "Студент потока 59"
    },
    {
        "id": 60,
        "name": "Валентин Медведев60",
        "grade": "Студент потока 60"
    },
    {
        "id": 61,
        "name": "Валентин Медведев61",
        "grade": "Студент потока 61"
    },
    {
        "id": 62,
        "name": "Валентин Медведев62",
        "grade": "Студент потока 62"
    },
    {
        "id": 63,
        "name": "Валентин Медведев63",
        "grade": "Студент потока 63"
    },
    {
        "id": 64,
        "name": "Валентин Медведев64",
        "grade": "Студент потока 64"
    },
    {
        "id": 65,
        "name": "Валентин Медведев65",
        "grade": "Студент потока 65"
    },
    {
        "id": 66,
        "name": "Валентин Медведев66",
        "grade": "Студент потока 66"
    },
    {
        "id": 67,
        "name": "Валентин Медведев67",
        "grade": "Студент потока 67"
    },
    {
        "id": 68,
        "name": "Валентин Медведев68",
        "grade": "Студент потока 68"
    },
    {
        "id": 69,
        "name": "Валентин Медведев69",
        "grade": "Студент потока 69"
    },
    {
        "id": 70,
        "name": "Валентин Медведев70",
        "grade": "Студент потока 70"
    },
    {
        "id": 71,
        "name": "Валентин Медведев71",
        "grade": "Студент потока 71"
    },
    {
        "id": 72,
        "name": "Валентин Медведев72",
        "grade": "Студент потока 72"
    },
    {
        "id": 73,
        "name": "Валентин Медведев73",
        "grade": "Студент потока 73"
    },
    {
        "id": 74,
        "name": "Валентин Медведев74",
        "grade": "Студент потока 74"
    },
    {
        "id": 75,
        "name": "Валентин Медведев75",
        "grade": "Студент потока 75"
    },
    {
        "id": 76,
        "name": "Валентин Медведев76",
        "grade": "Студент потока 76"
    },
    {
        "id": 77,
        "name": "Валентин Медведев77",
        "grade": "Студент потока 77"
    },
    {
        "id": 78,
        "name": "Валентин Медведев78",
        "grade": "Студент потока 78"
    },
    {
        "id": 79,
        "name": "Валентин Медведев79",
        "grade": "Студент потока 79"
    },
    {
        "id": 80,
        "name": "Валентин Медведев80",
        "grade": "Студент потока 80"
    },
    {
        "id": 81,
        "name": "Валентин Медведев81",
        "grade": "Студент потока 81"
    },
    {
        "id": 82,
        "name": "Валентин Медведев82",
        "grade": "Студент потока 82"
    },
    {
        "id": 83,
        "name": "Валентин Медведев83",
        "grade": "Студент потока 83"
    },
    {
        "id": 84,
        "name": "Валентин Медведев84",
        "grade": "Студент потока 84"
    },
    {
        "id": 85,
        "name": "Валентин Медведев85",
        "grade": "Студент потока 85"
    },
    {
        "id": 86,
        "name": "Валентин Медведев86",
        "grade": "Студент потока 86"
    },
    {
        "id": 87,
        "name": "Валентин Медведев87",
        "grade": "Студент потока 87"
    },
    {
        "id": 88,
        "name": "Валентин Медведев88",
        "grade": "Студент потока 88"
    },
    {
        "id": 89,
        "name": "Валентин Медведев89",
        "grade": "Студент потока 89"
    },
    {
        "id": 90,
        "name": "Валентин Медведев90",
        "grade": "Студент потока 90"
    },
    {
        "id": 91,
        "name": "Валентин Медведев91",
        "grade": "Студент потока 91"
    },
    {
        "id": 92,
        "name": "Валентин Медведев92",
        "grade": "Студент потока 92"
    },
    {
        "id": 93,
        "name": "Валентин Медведев93",
        "grade": "Студент потока 93"
    },
    {
        "id": 94,
        "name": "Валентин Медведев94",
        "grade": "Студент потока 94"
    },
    {
        "id": 95,
        "name": "Валентин Медведев95",
        "grade": "Студент потока 95"
    },
    {
        "id": 96,
        "name": "Валентин Медведев96",
        "grade": "Студент потока 96"
    },
    {
        "id": 97,
        "name": "Валентин Медведев97",
        "grade": "Студент потока 97"
    },
    {
        "id": 98,
        "name": "Валентин Медведев98",
        "grade": "Студент потока 98"
    },
    {
        "id": 99,
        "name": "Валентин Медведев99",
        "grade": "Студент потока 99"
    },
    {
        "id": 100,
        "name": "Валентин Медведев100",
        "grade": "Студент потока 100"
    },
    {
        "id": 101,
        "name": "Валентин Медведев101",
        "grade": "Студент потока 101"
    },
    {
        "id": 102,
        "name": "Валентин Медведев102",
        "grade": "Студент потока 102"
    },
    {
        "id": 103,
        "name": "Валентин Медведев103",
        "grade": "Студент потока 103"
    },
    {
        "id": 104,
        "name": "Валентин Медведев104",
        "grade": "Студент потока 104"
    },
    {
        "id": 105,
        "name": "Валентин Медведев105",
        "grade": "Студент потока 105"
    },
    {
        "id": 106,
        "name": "Валентин Медведев106",
        "grade": "Студент потока 106"
    },
    {
        "id": 107,
        "name": "Валентин Медведев107",
        "grade": "Студент потока 107"
    },
    {
        "id": 108,
        "name": "Валентин Медведев108",
        "grade": "Студент потока 108"
    },
    {
        "id": 109,
        "name": "Валентин Медведев109",
        "grade": "Студент потока 109"
    },
    {
        "id": 110,
        "name": "Валентин Медведев110",
        "grade": "Студент потока 110"
    },
    {
        "id": 111,
        "name": "Валентин Медведев111",
        "grade": "Студент потока 111"
    },
    {
        "id": 112,
        "name": "Валентин Медведев112",
        "grade": "Студент потока 112"
    },
    {
        "id": 113,
        "name": "Валентин Медведев113",
        "grade": "Студент потока 113"
    },
    {
        "id": 114,
        "name": "Валентин Медведев114",
        "grade": "Студент потока 114"
    },
    {
        "id": 115,
        "name": "Валентин Медведев115",
        "grade": "Студент потока 115"
    },
    {
        "id": 116,
        "name": "Валентин Медведев116",
        "grade": "Студент потока 116"
    },
    {
        "id": 117,
        "name": "Валентин Медведев117",
        "grade": "Студент потока 117"
    },
    {
        "id": 118,
        "name": "Валентин Медведев118",
        "grade": "Студент потока 118"
    },
    {
        "id": 119,
        "name": "Валентин Медведев119",
        "grade": "Студент потока 119"
    },
    {
        "id": 120,
        "name": "Валентин Медведев120",
        "grade": "Студент потока 120"
    },
    {
        "id": 121,
        "name": "Валентин Медведев121",
        "grade": "Студент потока 121"
    },
    {
        "id": 122,
        "name": "Валентин Медведев122",
        "grade": "Студент потока 122"
    },
    {
        "id": 123,
        "name": "Валентин Медведев123",
        "grade": "Студент потока 123"
    },
    {
        "id": 124,
        "name": "Валентин Медведев124",
        "grade": "Студент потока 124"
    },
    {
        "id": 125,
        "name": "Валентин Медведев125",
        "grade": "Студент потока 125"
    },
    {
        "id": 126,
        "name": "Валентин Медведев126",
        "grade": "Студент потока 126"
    },
    {
        "id": 127,
        "name": "Валентин Медведев127",
        "grade": "Студент потока 127"
    },
    {
        "id": 128,
        "name": "Валентин Медведев128",
        "grade": "Студент потока 128"
    },
    {
        "id": 129,
        "name": "Валентин Медведев129",
        "grade": "Студент потока 129"
    },
    {
        "id": 130,
        "name": "Валентин Медведев130",
        "grade": "Студент потока 130"
    },
    {
        "id": 131,
        "name": "Валентин Медведев131",
        "grade": "Студент потока 131"
    },
    {
        "id": 132,
        "name": "Валентин Медведев132",
        "grade": "Студент потока 132"
    },
    {
        "id": 133,
        "name": "Валентин Медведев133",
        "grade": "Студент потока 133"
    },
    {
        "id": 134,
        "name": "Валентин Медведев134",
        "grade": "Студент потока 134"
    },
    {
        "id": 135,
        "name": "Валентин Медведев135",
        "grade": "Студент потока 135"
    },
    {
        "id": 136,
        "name": "Валентин Медведев136",
        "grade": "Студент потока 136"
    },
    {
        "id": 137,
        "name": "Валентин Медведев137",
        "grade": "Студент потока 137"
    },
    {
        "id": 138,
        "name": "Валентин Медведев138",
        "grade": "Студент потока 138"
    },
    {
        "id": 139,
        "name": "Валентин Медведев139",
        "grade": "Студент потока 139"
    },
    {
        "id": 140,
        "name": "Валентин Медведев140",
        "grade": "Студент потока 140"
    },
    {
        "id": 141,
        "name": "Валентин Медведев141",
        "grade": "Студент потока 141"
    },
    {
        "id": 142,
        "name": "Валентин Медведев142",
        "grade": "Студент потока 142"
    },
    {
        "id": 143,
        "name": "Валентин Медведев143",
        "grade": "Студент потока 143"
    },
    {
        "id": 144,
        "name": "Валентин Медведев144",
        "grade": "Студент потока 144"
    },
    {
        "id": 145,
        "name": "Валентин Медведев145",
        "grade": "Студент потока 145"
    },
    {
        "id": 146,
        "name": "Валентин Медведев146",
        "grade": "Студент потока 146"
    },
    {
        "id": 147,
        "name": "Валентин Медведев147",
        "grade": "Студент потока 147"
    },
    {
        "id": 148,
        "name": "Валентин Медведев148",
        "grade": "Студент потока 148"
    },
    {
        "id": 149,
        "name": "Валентин Медведев149",
        "grade": "Студент потока 149"
    },
    {
        "id": 150,
        "name": "Валентин Медведев150",
        "grade": "Студент потока 150"
    },
    {
        "id": 151,
        "name": "Валентин Медведев151",
        "grade": "Студент потока 151"
    },
    {
        "id": 152,
        "name": "Валентин Медведев152",
        "grade": "Студент потока 152"
    },
    {
        "id": 153,
        "name": "Валентин Медведев153",
        "grade": "Студент потока 153"
    },
    {
        "id": 154,
        "name": "Валентин Медведев154",
        "grade": "Студент потока 154"
    },
    {
        "id": 155,
        "name": "Валентин Медведев155",
        "grade": "Студент потока 155"
    },
    {
        "id": 156,
        "name": "Валентин Медведев156",
        "grade": "Студент потока 156"
    },
    {
        "id": 157,
        "name": "Валентин Медведев157",
        "grade": "Студент потока 157"
    },
    {
        "id": 158,
        "name": "Валентин Медведев158",
        "grade": "Студент потока 158"
    },
    {
        "id": 159,
        "name": "Валентин Медведев159",
        "grade": "Студент потока 159"
    },
    {
        "id": 160,
        "name": "Валентин Медведев160",
        "grade": "Студент потока 160"
    },
    {
        "id": 161,
        "name": "Валентин Медведев161",
        "grade": "Студент потока 161"
    },
    {
        "id": 162,
        "name": "Валентин Медведев162",
        "grade": "Студент потока 162"
    },
    {
        "id": 163,
        "name": "Валентин Медведев163",
        "grade": "Студент потока 163"
    },
    {
        "id": 164,
        "name": "Валентин Медведев164",
        "grade": "Студент потока 164"
    },
    {
        "id": 165,
        "name": "Валентин Медведев165",
        "grade": "Студент потока 165"
    },
    {
        "id": 166,
        "name": "Валентин Медведев166",
        "grade": "Студент потока 166"
    },
    {
        "id": 167,
        "name": "Валентин Медведев167",
        "grade": "Студент потока 167"
    },
    {
        "id": 168,
        "name": "Валентин Медведев168",
        "grade": "Студент потока 168"
    },
    {
        "id": 169,
        "name": "Валентин Медведев169",
        "grade": "Студент потока 169"
    },
    {
        "id": 170,
        "name": "Валентин Медведев170",
        "grade": "Студент потока 170"
    },
    {
        "id": 171,
        "name": "Валентин Медведев171",
        "grade": "Студент потока 171"
    },
    {
        "id": 172,
        "name": "Валентин Медведев172",
        "grade": "Студент потока 172"
    },
    {
        "id": 173,
        "name": "Валентин Медведев173",
        "grade": "Студент потока 173"
    },
    {
        "id": 174,
        "name": "Валентин Медведев174",
        "grade": "Студент потока 174"
    },
    {
        "id": 175,
        "name": "Валентин Медведев175",
        "grade": "Студент потока 175"
    },
    {
        "id": 176,
        "name": "Валентин Медведев176",
        "grade": "Студент потока 176"
    },
    {
        "id": 177,
        "name": "Валентин Медведев177",
        "grade": "Студент потока 177"
    },
    {
        "id": 178,
        "name": "Валентин Медведев178",
        "grade": "Студент потока 178"
    },
    {
        "id": 179,
        "name": "Валентин Медведев179",
        "grade": "Студент потока 179"
    },
    {
        "id": 180,
        "name": "Валентин Медведев180",
        "grade": "Студент потока 180"
    },
    {
        "id": 181,
        "name": "Валентин Медведев181",
        "grade": "Студент потока 181"
    },
    {
        "id": 182,
        "name": "Валентин Медведев182",
        "grade": "Студент потока 182"
    },
    {
        "id": 183,
        "name": "Валентин Медведев183",
        "grade": "Студент потока 183"
    },
    {
        "id": 184,
        "name": "Валентин Медведев184",
        "grade": "Студент потока 184"
    },
    {
        "id": 185,
        "name": "Валентин Медведев185",
        "grade": "Студент потока 185"
    },
    {
        "id": 186,
        "name": "Валентин Медведев186",
        "grade": "Студент потока 186"
    },
    {
        "id": 187,
        "name": "Валентин Медведев187",
        "grade": "Студент потока 187"
    },
    {
        "id": 188,
        "name": "Валентин Медведев188",
        "grade": "Студент потока 188"
    },
    {
        "id": 189,
        "name": "Валентин Медведев189",
        "grade": "Студент потока 189"
    },
    {
        "id": 190,
        "name": "Валентин Медведев190",
        "grade": "Студент потока 190"
    },
    {
        "id": 191,
        "name": "Валентин Медведев191",
        "grade": "Студент потока 191"
    },
    {
        "id": 192,
        "name": "Валентин Медведев192",
        "grade": "Студент потока 192"
    },
    {
        "id": 193,
        "name": "Валентин Медведев193",
        "grade": "Студент потока 193"
    },
    {
        "id": 194,
        "name": "Валентин Медведев194",
        "grade": "Студент потока 194"
    },
    {
        "id": 195,
        "name": "Валентин Медведев195",
        "grade": "Студент потока 195"
    },
    {
        "id": 196,
        "name": "Валентин Медведев196",
        "grade": "Студент потока 196"
    },
    {
        "id": 197,
        "name": "Валентин Медведев197",
        "grade": "Студент потока 197"
    },
    {
        "id": 198,
        "name": "Валентин Медведев198",
        "grade": "Студент потока 198"
    },
    {
        "id": 199,
        "name": "Валентин Медведев199",
        "grade": "Студент потока 199"
    },
    {
        "id": 200,
        "name": "Валентин Медведев200",
        "grade": "Студент потока 200"
    },
    {
        "id": 201,
        "name": "Валентин Медведев201",
        "grade": "Студент потока 201"
    },
    {
        "id": 202,
        "name": "Валентин Медведев202",
        "grade": "Студент потока 202"
    },
    {
        "id": 203,
        "name": "Валентин Медведев203",
        "grade": "Студент потока 203"
    },
    {
        "id": 204,
        "name": "Валентин Медведев204",
        "grade": "Студент потока 204"
    },
    {
        "id": 205,
        "name": "Валентин Медведев205",
        "grade": "Студент потока 205"
    },
    {
        "id": 206,
        "name": "Валентин Медведев206",
        "grade": "Студент потока 206"
    },
    {
        "id": 207,
        "name": "Валентин Медведев207",
        "grade": "Студент потока 207"
    },
    {
        "id": 208,
        "name": "Валентин Медведев208",
        "grade": "Студент потока 208"
    },
    {
        "id": 209,
        "name": "Валентин Медведев209",
        "grade": "Студент потока 209"
    },
    {
        "id": 210,
        "name": "Валентин Медведев210",
        "grade": "Студент потока 210"
    },
    {
        "id": 211,
        "name": "Валентин Медведев211",
        "grade": "Студент потока 211"
    },
    {
        "id": 212,
        "name": "Валентин Медведев212",
        "grade": "Студент потока 212"
    },
    {
        "id": 213,
        "name": "Валентин Медведев213",
        "grade": "Студент потока 213"
    },
    {
        "id": 214,
        "name": "Валентин Медведев214",
        "grade": "Студент потока 214"
    },
    {
        "id": 215,
        "name": "Валентин Медведев215",
        "grade": "Студент потока 215"
    },
    {
        "id": 216,
        "name": "Валентин Медведев216",
        "grade": "Студент потока 216"
    },
    {
        "id": 217,
        "name": "Валентин Медведев217",
        "grade": "Студент потока 217"
    },
    {
        "id": 218,
        "name": "Валентин Медведев218",
        "grade": "Студент потока 218"
    },
    {
        "id": 219,
        "name": "Валентин Медведев219",
        "grade": "Студент потока 219"
    },
    {
        "id": 220,
        "name": "Валентин Медведев220",
        "grade": "Студент потока 220"
    },
    {
        "id": 221,
        "name": "Валентин Медведев221",
        "grade": "Студент потока 221"
    },
    {
        "id": 222,
        "name": "Валентин Медведев222",
        "grade": "Студент потока 222"
    },
    {
        "id": 223,
        "name": "Валентин Медведев223",
        "grade": "Студент потока 223"
    },
    {
        "id": 224,
        "name": "Валентин Медведев224",
        "grade": "Студент потока 224"
    },
    {
        "id": 225,
        "name": "Валентин Медведев225",
        "grade": "Студент потока 225"
    },
    {
        "id": 226,
        "name": "Валентин Медведев226",
        "grade": "Студент потока 226"
    },
    {
        "id": 227,
        "name": "Валентин Медведев227",
        "grade": "Студент потока 227"
    },
    {
        "id": 228,
        "name": "Валентин Медведев228",
        "grade": "Студент потока 228"
    },
    {
        "id": 229,
        "name": "Валентин Медведев229",
        "grade": "Студент потока 229"
    },
    {
        "id": 230,
        "name": "Валентин Медведев230",
        "grade": "Студент потока 230"
    },
    {
        "id": 231,
        "name": "Валентин Медведев231",
        "grade": "Студент потока 231"
    },
    {
        "id": 232,
        "name": "Валентин Медведев232",
        "grade": "Студент потока 232"
    },
    {
        "id": 233,
        "name": "Валентин Медведев233",
        "grade": "Студент потока 233"
    },
    {
        "id": 234,
        "name": "Валентин Медведев234",
        "grade": "Студент потока 234"
    },
    {
        "id": 235,
        "name": "Валентин Медведев235",
        "grade": "Студент потока 235"
    },
    {
        "id": 236,
        "name": "Валентин Медведев236",
        "grade": "Студент потока 236"
    },
    {
        "id": 237,
        "name": "Валентин Медведев237",
        "grade": "Студент потока 237"
    },
    {
        "id": 238,
        "name": "Валентин Медведев238",
        "grade": "Студент потока 238"
    },
    {
        "id": 239,
        "name": "Валентин Медведев239",
        "grade": "Студент потока 239"
    },
    {
        "id": 240,
        "name": "Валентин Медведев240",
        "grade": "Студент потока 240"
    },
    {
        "id": 241,
        "name": "Валентин Медведев241",
        "grade": "Студент потока 241"
    },
    {
        "id": 242,
        "name": "Валентин Медведев242",
        "grade": "Студент потока 242"
    },
    {
        "id": 243,
        "name": "Валентин Медведев243",
        "grade": "Студент потока 243"
    },
    {
        "id": 244,
        "name": "Валентин Медведев244",
        "grade": "Студент потока 244"
    },
    {
        "id": 245,
        "name": "Валентин Медведев245",
        "grade": "Студент потока 245"
    },
    {
        "id": 246,
        "name": "Валентин Медведев246",
        "grade": "Студент потока 246"
    },
    {
        "id": 247,
        "name": "Валентин Медведев247",
        "grade": "Студент потока 247"
    },
    {
        "id": 248,
        "name": "Валентин Медведев248",
        "grade": "Студент потока 248"
    },
    {
        "id": 249,
        "name": "Валентин Медведев249",
        "grade": "Студент потока 249"
    },
    {
        "id": 250,
        "name": "Валентин Медведев250",
        "grade": "Студент потока 250"
    },
    {
        "id": 251,
        "name": "Валентин Медведев251",
        "grade": "Студент потока 251"
    },
    {
        "id": 252,
        "name": "Валентин Медведев252",
        "grade": "Студент потока 252"
    },
    {
        "id": 253,
        "name": "Валентин Медведев253",
        "grade": "Студент потока 253"
    },
    {
        "id": 254,
        "name": "Валентин Медведев254",
        "grade": "Студент потока 254"
    },
    {
        "id": 255,
        "name": "Валентин Медведев255",
        "grade": "Студент потока 255"
    },
    {
        "id": 256,
        "name": "Валентин Медведев256",
        "grade": "Студент потока 256"
    },
    {
        "id": 257,
        "name": "Валентин Медведев257",
        "grade": "Студент потока 257"
    },
    {
        "id": 258,
        "name": "Валентин Медведев258",
        "grade": "Студент потока 258"
    },
    {
        "id": 259,
        "name": "Валентин Медведев259",
        "grade": "Студент потока 259"
    },
    {
        "id": 260,
        "name": "Валентин Медведев260",
        "grade": "Студент потока 260"
    },
    {
        "id": 261,
        "name": "Валентин Медведев261",
        "grade": "Студент потока 261"
    },
    {
        "id": 262,
        "name": "Валентин Медведев262",
        "grade": "Студент потока 262"
    },
    {
        "id": 263,
        "name": "Валентин Медведев263",
        "grade": "Студент потока 263"
    },
    {
        "id": 264,
        "name": "Валентин Медведев264",
        "grade": "Студент потока 264"
    },
    {
        "id": 265,
        "name": "Валентин Медведев265",
        "grade": "Студент потока 265"
    },
    {
        "id": 266,
        "name": "Валентин Медведев266",
        "grade": "Студент потока 266"
    },
    {
        "id": 267,
        "name": "Валентин Медведев267",
        "grade": "Студент потока 267"
    },
    {
        "id": 268,
        "name": "Валентин Медведев268",
        "grade": "Студент потока 268"
    },
    {
        "id": 269,
        "name": "Валентин Медведев269",
        "grade": "Студент потока 269"
    },
    {
        "id": 270,
        "name": "Валентин Медведев270",
        "grade": "Студент потока 270"
    },
    {
        "id": 271,
        "name": "Валентин Медведев271",
        "grade": "Студент потока 271"
    },
    {
        "id": 272,
        "name": "Валентин Медведев272",
        "grade": "Студент потока 272"
    },
    {
        "id": 273,
        "name": "Валентин Медведев273",
        "grade": "Студент потока 273"
    },
    {
        "id": 274,
        "name": "Валентин Медведев274",
        "grade": "Студент потока 274"
    },
    {
        "id": 275,
        "name": "Валентин Медведев275",
        "grade": "Студент потока 275"
    },
    {
        "id": 276,
        "name": "Валентин Медведев276",
        "grade": "Студент потока 276"
    },
    {
        "id": 277,
        "name": "Валентин Медведев277",
        "grade": "Студент потока 277"
    },
    {
        "id": 278,
        "name": "Валентин Медведев278",
        "grade": "Студент потока 278"
    },
    {
        "id": 279,
        "name": "Валентин Медведев279",
        "grade": "Студент потока 279"
    },
    {
        "id": 280,
        "name": "Валентин Медведев280",
        "grade": "Студент потока 280"
    },
    {
        "id": 281,
        "name": "Валентин Медведев281",
        "grade": "Студент потока 281"
    },
    {
        "id": 282,
        "name": "Валентин Медведев282",
        "grade": "Студент потока 282"
    },
    {
        "id": 283,
        "name": "Валентин Медведев283",
        "grade": "Студент потока 283"
    },
    {
        "id": 284,
        "name": "Валентин Медведев284",
        "grade": "Студент потока 284"
    },
    {
        "id": 285,
        "name": "Валентин Медведев285",
        "grade": "Студент потока 285"
    },
    {
        "id": 286,
        "name": "Валентин Медведев286",
        "grade": "Студент потока 286"
    },
    {
        "id": 287,
        "name": "Валентин Медведев287",
        "grade": "Студент потока 287"
    },
    {
        "id": 288,
        "name": "Валентин Медведев288",
        "grade": "Студент потока 288"
    },
    {
        "id": 289,
        "name": "Валентин Медведев289",
        "grade": "Студент потока 289"
    },
    {
        "id": 290,
        "name": "Валентин Медведев290",
        "grade": "Студент потока 290"
    },
    {
        "id": 291,
        "name": "Валентин Медведев291",
        "grade": "Студент потока 291"
    },
    {
        "id": 292,
        "name": "Валентин Медведев292",
        "grade": "Студент потока 292"
    },
    {
        "id": 293,
        "name": "Валентин Медведев293",
        "grade": "Студент потока 293"
    },
    {
        "id": 294,
        "name": "Валентин Медведев294",
        "grade": "Студент потока 294"
    },
    {
        "id": 295,
        "name": "Валентин Медведев295",
        "grade": "Студент потока 295"
    },
    {
        "id": 296,
        "name": "Валентин Медведев296",
        "grade": "Студент потока 296"
    },
    {
        "id": 297,
        "name": "Валентин Медведев297",
        "grade": "Студент потока 297"
    },
    {
        "id": 298,
        "name": "Валентин Медведев298",
        "grade": "Студент потока 298"
    },
    {
        "id": 299,
        "name": "Валентин Медведев299",
        "grade": "Студент потока 299"
    }
]
]]></system-out>
  </testcase>
  <testcase name="GetFirstUsersCard" classname="users.userCardTest" time="0.21">
    <failure message="2 expectations failed.&#10;JSON path name doesn&apos;t match.&#10;Expected: is &quot;Валентин Медведев0&quot;&#10;  Actual: Валентин Медведев&#10;&#10;JSON path grade doesn&apos;t match.&#10;Expected: is &quot;Студент потока 0&quot;&#10;  Actual: Студент&#10;" type="java.lang.AssertionError">java.lang.AssertionError: 
2 expectations failed.
JSON path name doesn't match.
Expected: is "Валентин Медведев0"
  Actual: Валентин Медведев

JSON path grade doesn't match.
Expected: is "Студент потока 0"
  Actual: Студент

	at users.userCardTest.GetFirstUsersCard(userCardTest.java:51)
</failure>
    <system-out><![CDATA[Request method:	GET
Request URI:	http://localhost:8080/users/get/0
Proxy:			<none>
Request params:	<none>
Query params:	<none>
Form params:	<none>
Path params:	<none>
Headers:		Accept=application/json, application/javascript, text/javascript, text/json
				Content-Type=application/json; charset=UTF-8
Cookies:		<none>
Multiparts:		<none>
Body:			<none>
HTTP/1.1 200 
Vary: Origin
Vary: Access-Control-Request-Method
Vary: Access-Control-Request-Headers
Content-Type: application/json
Transfer-Encoding: chunked
Date: Sat, 23 Apr 2022 20:19:03 GMT
Keep-Alive: timeout=60
Connection: keep-alive

{
    "id": 0,
    "name": "Валентин Медведев",
    "grade": "Студент",
    "school_name": "Псковский филиал РАНХиГС",
    "city": "Псков"
}
]]></system-out>
  </testcase>
  <testcase name="GetLastUsersCard" classname="users.userCardTest" time="0.269">
    <failure message="2 expectations failed.&#10;JSON path name doesn&apos;t match.&#10;Expected: is &quot;Валентин Медведев299&quot;&#10;  Actual: Валентин Медведев&#10;&#10;JSON path grade doesn&apos;t match.&#10;Expected: is &quot;Студент потока 299&quot;&#10;  Actual: Студент&#10;" type="java.lang.AssertionError">java.lang.AssertionError: 
2 expectations failed.
JSON path name doesn't match.
Expected: is "Валентин Медведев299"
  Actual: Валентин Медведев

JSON path grade doesn't match.
Expected: is "Студент потока 299"
  Actual: Студент

	at users.userCardTest.GetLastUsersCard(userCardTest.java:60)
</failure>
    <system-out><![CDATA[Request method:	GET
Request URI:	http://localhost:8080/users/get/299
Proxy:			<none>
Request params:	<none>
Query params:	<none>
Form params:	<none>
Path params:	<none>
Headers:		Accept=application/json, application/javascript, text/javascript, text/json
				Content-Type=application/json; charset=UTF-8
Cookies:		<none>
Multiparts:		<none>
Body:			<none>
HTTP/1.1 200 
Vary: Origin
Vary: Access-Control-Request-Method
Vary: Access-Control-Request-Headers
Content-Type: application/json
Transfer-Encoding: chunked
Date: Sat, 23 Apr 2022 20:19:04 GMT
Keep-Alive: timeout=60
Connection: keep-alive

{
    "id": 299,
    "name": "Валентин Медведев",
    "grade": "Студент",
    "school_name": "Псковский филиал РАНХиГС",
    "city": "Псков"
}
]]></system-out>
  </testcase>
  <testcase name="JsonSchemaTest" classname="users.userCardTest" time="0.158">
    <failure message="Schema to use cannot be null" type="java.lang.IllegalArgumentException">java.lang.IllegalArgumentException: Schema to use cannot be null
	at users.userCardTest.JsonSchemaTest(userCardTest.java:70)
</failure>
    <system-out><![CDATA[Request method:	GET
Request URI:	http://localhost:8080/users/get/0
Proxy:			<none>
Request params:	<none>
Query params:	<none>
Form params:	<none>
Path params:	<none>
Headers:		Accept=application/json, application/javascript, text/javascript, text/json
				Content-Type=application/json; charset=UTF-8
Cookies:		<none>
Multiparts:		<none>
Body:			<none>
HTTP/1.1 200 
Vary: Origin
Vary: Access-Control-Request-Method
Vary: Access-Control-Request-Headers
Content-Type: application/json
Transfer-Encoding: chunked
Date: Sat, 23 Apr 2022 20:19:04 GMT
Keep-Alive: timeout=60
Connection: keep-alive

{
    "id": 0,
    "name": "Валентин Медведев",
    "grade": "Студент",
    "school_name": "Псковский филиал РАНХиГС",
    "city": "Псков"
}
]]></system-out>
  </testcase>
</testsuite>